Unity Editor version:    2020.3.48f1c1 (06fbdfbf16e3)
Branch:                  origin/2020.3/china_unity/release
Build type:              Release
Batch mode:              YES
macOS version:           Version 14.6 (Build 23G80)
Darwin version:          23.6.0
Architecture:            x86_64
Running under Rosetta:   NO
Available memory:        16384 MB
Using pre-set license
Pro License: NO
2024-09-10 15:12:58.188 Unity[39450:8958848] WARNING: Secure coding is not enabled for restorable state! Enable secure coding by implementing NSApplicationDelegate.applicationSupportsSecureRestorableState: and returning YES.

COMMAND LINE ARGUMENTS:
/Applications/Unity/Hub/Editor/2020.3.48f1c1/Unity.app/Contents/MacOS/Unity
-adb2
-batchMode
-noUpm
-name
AssetImportWorker0
-projectPath
/Users/zhangdaxing/Documents/学习/Unity/UnityShader
-logFile
Logs/AssetImportWorker0.log
-srvPort
57565
Successfully changed project path to: /Users/zhangdaxing/Documents/学习/Unity/UnityShader
/Users/zhangdaxing/Documents/学习/Unity/UnityShader
Using Asset Import Pipeline V2.
Player connection [140704619347392] Host "[IP] 192.168.18.100 [Port] 0 [Flags] 2 [Guid] 28406335 [EditorId] 28406335 [Version] 1048832 [Id] OSXEditor(0,zhangdaxingdeMacBook-Pro.local) [Debug] 1 [PackageName] OSXEditor [ProjectName] Editor" joined multi-casting on [225.0.0.222:54997]...

Player connection [140704619347392] Host "[IP] 192.168.18.100 [Port] 0 [Flags] 2 [Guid] 28406335 [EditorId] 28406335 [Version] 1048832 [Id] OSXEditor(0,zhangdaxingdeMacBook-Pro.local) [Debug] 1 [PackageName] OSXEditor [ProjectName] Editor" joined alternative multi-casting on [225.0.0.222:34997]...

AS: AutoStreaming module initializing.Refreshing native plugins compatible for Editor in 40.23 ms, found 2 plugins.
Preloading 0 native plugins for Editor in 0.00 ms.
Initialize engine version: 2020.3.48f1c1 (06fbdfbf16e3)
[Subsystems] Discovering subsystems at path /Applications/Unity/Hub/Editor/2020.3.48f1c1/Unity.app/Contents/Resources/UnitySubsystems
[Subsystems] Discovering subsystems at path /Users/zhangdaxing/Documents/学习/Unity/UnityShader/Assets
GfxDevice: creating device client; threaded=0
2024-09-10 15:12:58.364 Unity[39450:8958848] Color LCD preferred device: Intel(R) Iris(TM) Plus Graphics (low power)
2024-09-10 15:12:58.365 Unity[39450:8958848] Metal devices available: 1
2024-09-10 15:12:58.365 Unity[39450:8958848] 0: Intel(R) Iris(TM) Plus Graphics (low power)
2024-09-10 15:12:58.373 Unity[39450:8958848] Using device Intel(R) Iris(TM) Plus Graphics (low power)
Initializing Metal device caps: Intel(R) Iris(TM) Plus Graphics
Initialize mono
Mono path[0] = '/Applications/Unity/Hub/Editor/2020.3.48f1c1/Unity.app/Contents/Managed'
Mono path[1] = '/Applications/Unity/Hub/Editor/2020.3.48f1c1/Unity.app/Contents/MonoBleedingEdge/lib/mono/unityjit'
Mono config path = '/Applications/Unity/Hub/Editor/2020.3.48f1c1/Unity.app/Contents/MonoBleedingEdge/etc'
Using monoOptions --debugger-agent=transport=dt_socket,embedding=1,server=y,suspend=n,address=127.0.0.1:56450
Begin MonoManager ReloadAssembly
Registering precompiled unity dll's ...
Register platform support module: /Applications/Unity/Hub/Editor/2020.3.48f1c1/Unity.app/Contents/PlaybackEngines/MacStandaloneSupport/UnityEditor.OSXStandalone.Extensions.dll
Registered in 0.001919 seconds.
Native extension for OSXStandalone target not found
Refreshing native plugins compatible for Editor in 38.49 ms, found 2 plugins.
Preloading 0 native plugins for Editor in 0.00 ms.
Mono: successfully reloaded assembly
- Completed reload, in  0.774 seconds
Domain Reload Profiling:
	ReloadAssembly (774ms)
		BeginReloadAssembly (125ms)
			ExecutionOrderSort (0ms)
			DisableScriptedObjects (0ms)
			BackupInstance (0ms)
			ReleaseScriptingObjects (0ms)
			CreateAndSetChildDomain (1ms)
		EndReloadAssembly (560ms)
			LoadAssemblies (126ms)
			RebuildTransferFunctionScriptingTraits (0ms)
			SetupTypeCache (206ms)
			ReleaseScriptCaches (0ms)
			RebuildScriptCaches (43ms)
			SetupLoadedEditorAssemblies (207ms)
				LogAssemblyErrors (0ms)
				InitializePlatformSupportModulesInManaged (4ms)
				SetLoadedEditorAssemblies (0ms)
				RefreshPlugins (39ms)
				BeforeProcessingInitializeOnLoad (11ms)
				ProcessInitializeOnLoadAttributes (114ms)
				ProcessInitializeOnLoadMethodAttributes (39ms)
				AfterProcessingInitializeOnLoad (0ms)
				EditorAssembliesLoaded (0ms)
			ExecutionOrderSort2 (0ms)
			AwakeInstancesAfterBackupRestoration (0ms)
Platform modules already initialized, skipping
Registering precompiled user dll's ...
Registered in 0.005714 seconds.
Begin MonoManager ReloadAssembly
Native extension for OSXStandalone target not found
Refreshing native plugins compatible for Editor in 0.39 ms, found 2 plugins.
Preloading 0 native plugins for Editor in 0.00 ms.
Mono: successfully reloaded assembly
- Completed reload, in  1.336 seconds
Domain Reload Profiling:
	ReloadAssembly (1338ms)
		BeginReloadAssembly (202ms)
			ExecutionOrderSort (0ms)
			DisableScriptedObjects (10ms)
			BackupInstance (0ms)
			ReleaseScriptingObjects (0ms)
			CreateAndSetChildDomain (20ms)
		EndReloadAssembly (1052ms)
			LoadAssemblies (128ms)
			RebuildTransferFunctionScriptingTraits (0ms)
			SetupTypeCache (420ms)
			ReleaseScriptCaches (1ms)
			RebuildScriptCaches (59ms)
			SetupLoadedEditorAssemblies (351ms)
				LogAssemblyErrors (0ms)
				InitializePlatformSupportModulesInManaged (6ms)
				SetLoadedEditorAssemblies (1ms)
				RefreshPlugins (0ms)
				BeforeProcessingInitializeOnLoad (79ms)
				ProcessInitializeOnLoadAttributes (248ms)
				ProcessInitializeOnLoadMethodAttributes (15ms)
				AfterProcessingInitializeOnLoad (2ms)
				EditorAssembliesLoaded (0ms)
			ExecutionOrderSort2 (0ms)
			AwakeInstancesAfterBackupRestoration (3ms)
Platform modules already initialized, skipping
Validating Project structure ... 0.000157 seconds.

LICENSE SYSTEM [2024910 15:13:1] Next license update check is after 2024-09-11T07:08:01

Shader import version has changed; will reimport all shaders...
Upgrading shader files ...0.000477 seconds.
Application.AssetDatabase Initial Script Refresh Start
RefreshInfo: InitialScriptRefreshV2(NoUpdateAssetOptions) scanfilter:  ... 1 filters
RefreshProfiler: Total: 0.000ms
Application.AssetDatabase Initial Script Refresh End
Application.AssetDatabase.Refresh Start
Application.AssetDatabase.Refresh End
RefreshInfo: StopAssetImportingV2(ForceSynchronousImport) scanfilter: 
RefreshProfiler: Total: 0.000ms
Launching external process: /Applications/Unity/Hub/Editor/2020.3.48f1c1/Unity.app/Contents/Tools/UnityShaderCompiler
Launched and connected shader compiler UnityShaderCompiler after 0.03 seconds
Initializing Unity extensions:
2024-09-10 15:13:03.269 Unity[39450:8958848] NSEventModifierFlagFunction specified to -setKeyEquivalentModifierMask: for item <NSMenuItem: 0x600002ed3c60 Font Asset, ke='Command-F12'>, but is only supported for system-provided menu items; will not be used
2024-09-10 15:13:03.276 Unity[39450:8958848] NSEventModifierFlagFunction specified to -setKeyEquivalentModifierMask: for item <NSMenuItem: 0x600002edcbd0 Font Asset, ke='Command-F12'>, but is only supported for system-provided menu items; will not be used
========================================================================
Worker process is ready to serve import requests
Refreshing native plugins compatible for Editor in 0.39 ms, found 2 plugins.
Preloading 0 native plugins for Editor in 0.00 ms.
Unloading 1319 Unused Serialized files (Serialized files now loaded: 0)
System memory in use before: 81.8 MB.
System memory in use after: 81.1 MB.

Unloading 78 unused Assets to reduce memory usage. Loaded Objects now: 1795.
Total: 4.718412 ms (FindLiveObjects: 0.179661 ms CreateObjectMapping: 0.072434 ms MarkObjects: 3.684639 ms  DeleteObjects: 0.780494 ms)

AssetImportParameters requested are different than current active one (requested -> active):
  custom:video-decoder-ogg-theora: a1e56fd34408186e4bbccfd4996cb3dc -> 
  custom:container-muxer-webm: aa71ff27fc2769a1b78a27578f13a17b -> 
  custom:container-demuxer-webm: 4f35f7cbe854078d1ac9338744f61a02 -> 
  custom:container-demuxer-ogg: 62fdf1f143b41e24485cea50d1cbac27 -> 
  custom:video-encoder-webm-vp8: eb34c28f22e8b96e1ab97ce403110664 -> 
  custom:framework-osx-AVFoundation: e770b220cccbd017edd2c1fefb359320 -> 
  custom:video-decoder-webm-vp8: 9c59270c3fd7afecdb556c50c9e8de78 -> 
  custom:audio-decoder-ogg-vorbis: bf7c407c2cedff20999df2af8eb42d56 -> 
  custom:audio-encoder-webm-vorbis: bf7c407c2cedff20999df2af8eb42d56 -> 
========================================================================
Received Import Request.
  path: Assets
  artifactKey: Guid(00000000000000001000000000000000) Importer(815301076,1909f56bfc062723c751e8b465ee728b)
Start importing Assets using Guid(00000000000000001000000000000000) Importer(815301076,1909f56bfc062723c751e8b465ee728b)  -> (artifact id: '42d402b061de3733987d63b9cc3b64de') in 0.004678 seconds 
========================================================================
Received Import Request.
  Time since last request: 368.377086 seconds.
  path: Assets/Scenes
  artifactKey: Guid(7323b753507f84f6b8402c3dc46da138) Importer(815301076,1909f56bfc062723c751e8b465ee728b)
Start importing Assets/Scenes using Guid(7323b753507f84f6b8402c3dc46da138) Importer(815301076,1909f56bfc062723c751e8b465ee728b)  -> (artifact id: '95a5bc08bc7cd6cac15e3efbd00ca179') in 0.001453 seconds 
========================================================================
Received Import Request.
  Time since last request: 686.960679 seconds.
  path: Assets/Scripts
  artifactKey: Guid(13f2f3bfdde5848d2a3beeb4b85fb1a5) Importer(815301076,1909f56bfc062723c751e8b465ee728b)
Start importing Assets/Scripts using Guid(13f2f3bfdde5848d2a3beeb4b85fb1a5) Importer(815301076,1909f56bfc062723c751e8b465ee728b)  -> (artifact id: 'c2f2a84231f56372177fb422d20840e7') in 0.003930 seconds 
========================================================================
Received Import Request.
  Time since last request: 8.416891 seconds.
  path: Assets/Shaders
  artifactKey: Guid(13068f0dc701244bea030f36b0ae4364) Importer(815301076,1909f56bfc062723c751e8b465ee728b)
Start importing Assets/Shaders using Guid(13068f0dc701244bea030f36b0ae4364) Importer(815301076,1909f56bfc062723c751e8b465ee728b)  -> (artifact id: '8efa3a40d981612e1ec527907c42d9fb') in 0.002362 seconds 
========================================================================
Received Import Request.
  Time since last request: 11.316737 seconds.
  path: Assets/Textures
  artifactKey: Guid(87313cb8d49844be0911bf7e208de7a7) Importer(815301076,1909f56bfc062723c751e8b465ee728b)
Start importing Assets/Textures using Guid(87313cb8d49844be0911bf7e208de7a7) Importer(815301076,1909f56bfc062723c751e8b465ee728b)  -> (artifact id: 'a12188e0b305d23520218f92fb4b916f') in 0.002470 seconds 
========================================================================
Received Import Request.
  Time since last request: 59.465927 seconds.
  path: Assets/Shaders/NewSurfaceShader.shader
  artifactKey: Guid(0138d3dd36a4d4ceaac81e0bdffd2ee3) Importer(815301076,1909f56bfc062723c751e8b465ee728b)
Start importing Assets/Shaders/NewSurfaceShader.shader using Guid(0138d3dd36a4d4ceaac81e0bdffd2ee3) Importer(815301076,1909f56bfc062723c751e8b465ee728b)  -> (artifact id: '144e541b604570fcb8f89ade394b8978') in 0.919231 seconds 
========================================================================
Received Import Request.
  Time since last request: 6.974489 seconds.
  path: Assets/Shaders/BaseShader
  artifactKey: Guid(4a5280cb8a70c4f1599f9aa74b90382f) Importer(815301076,1909f56bfc062723c751e8b465ee728b)
Start importing Assets/Shaders/BaseShader using Guid(4a5280cb8a70c4f1599f9aa74b90382f) Importer(815301076,1909f56bfc062723c751e8b465ee728b)  -> (artifact id: '80abc5dd2be2e58ed758744532edabc9') in 0.002969 seconds 
========================================================================
Received Import Request.
  Time since last request: 12.505351 seconds.
  path: Assets/Shaders/BaseShader/baseShader.shader
  artifactKey: Guid(0138d3dd36a4d4ceaac81e0bdffd2ee3) Importer(815301076,1909f56bfc062723c751e8b465ee728b)
Start importing Assets/Shaders/BaseShader/baseShader.shader using Guid(0138d3dd36a4d4ceaac81e0bdffd2ee3) Importer(815301076,1909f56bfc062723c751e8b465ee728b)  -> (artifact id: '65d75db588a210f6fd696af1d3026389') in 0.008806 seconds 
========================================================================
Received Import Request.
  Time since last request: 90.940740 seconds.
  path: Assets/Shaders/BaseShader/baseShader.shader
  artifactKey: Guid(0138d3dd36a4d4ceaac81e0bdffd2ee3) Importer(815301076,1909f56bfc062723c751e8b465ee728b)
Start importing Assets/Shaders/BaseShader/baseShader.shader using Guid(0138d3dd36a4d4ceaac81e0bdffd2ee3) Importer(815301076,1909f56bfc062723c751e8b465ee728b)  -> (artifact id: 'c29a43ca5091898b51757f9fc088c8bb') in 0.005994 seconds 
========================================================================
Received Import Request.
  Time since last request: 183.689054 seconds.
  path: Assets/Scenes/BaseShader
  artifactKey: Guid(bb35d3b18e57a4018847ecd38fe6ac82) Importer(815301076,1909f56bfc062723c751e8b465ee728b)
Start importing Assets/Scenes/BaseShader using Guid(bb35d3b18e57a4018847ecd38fe6ac82) Importer(815301076,1909f56bfc062723c751e8b465ee728b)  -> (artifact id: '27edcae0e50b84ea08024c9e70910efc') in 0.001860 seconds 
========================================================================
Received Import Request.
  Time since last request: 12.051857 seconds.
  path: Assets/Scenes/BaseShader/BaseShader.unity
  artifactKey: Guid(b06e6b9eb6d2147bd967a4f7a446f56d) Importer(815301076,1909f56bfc062723c751e8b465ee728b)
Start importing Assets/Scenes/BaseShader/BaseShader.unity using Guid(b06e6b9eb6d2147bd967a4f7a446f56d) Importer(815301076,1909f56bfc062723c751e8b465ee728b)  -> (artifact id: 'a9b921fcd98a37a6350c7fd26a9efbc2') in 0.003457 seconds 
